<?xml version="1.0" encoding="UTF-8"?>
<testsuite xmlns:xsi="http://www.w3.org/2001/XMLSchema-instance" xsi:noNamespaceSchemaLocation="https://maven.apache.org/surefire/maven-surefire-plugin/xsd/surefire-test-report-3.0.xsd" version="3.0" name="se.su.inlupp.GraphTest" time="0.44" tests="33" errors="0" skipped="0" failures="0">
  <properties>
    <property name="java.specification.version" value="24"/>
    <property name="sun.cpu.isalist" value="amd64"/>
    <property name="sun.jnu.encoding" value="Cp1252"/>
    <property name="java.class.path" value="C:\Users\danza\Downloads\prog2-inlupp\prog2-inlupp\backend\target\test-classes;C:\Users\danza\Downloads\prog2-inlupp\prog2-inlupp\backend\target\classes;C:\Users\danza\.m2\repository\org\junit\jupiter\junit-jupiter-engine\5.11.0\junit-jupiter-engine-5.11.0.jar;C:\Users\danza\.m2\repository\org\junit\platform\junit-platform-engine\1.11.0\junit-platform-engine-1.11.0.jar;C:\Users\danza\.m2\repository\org\apiguardian\apiguardian-api\1.1.2\apiguardian-api-1.1.2.jar;C:\Users\danza\.m2\repository\org\junit\jupiter\junit-jupiter-api\5.11.0\junit-jupiter-api-5.11.0.jar;C:\Users\danza\.m2\repository\org\opentest4j\opentest4j\1.3.0\opentest4j-1.3.0.jar;C:\Users\danza\.m2\repository\org\junit\platform\junit-platform-commons\1.11.0\junit-platform-commons-1.11.0.jar;C:\Users\danza\.m2\repository\org\junit\jupiter\junit-jupiter-params\5.11.0\junit-jupiter-params-5.11.0.jar;"/>
    <property name="java.vm.vendor" value="Oracle Corporation"/>
    <property name="sun.arch.data.model" value="64"/>
    <property name="user.variant" value=""/>
    <property name="java.vendor.url" value="https://java.oracle.com/"/>
    <property name="user.timezone" value="Europe/Stockholm"/>
    <property name="os.name" value="Windows 11"/>
    <property name="java.vm.specification.version" value="24"/>
    <property name="sun.java.launcher" value="SUN_STANDARD"/>
    <property name="user.country" value="SE"/>
    <property name="sun.boot.library.path" value="C:\INTSEC\jdk-24.0.2\bin"/>
    <property name="sun.java.command" value="C:\Users\danza\AppData\Local\Temp\surefire3424583134933717094\surefirebooter-20250813203943831_3.jar C:\Users\danza\AppData\Local\Temp\surefire3424583134933717094 2025-08-13T20-39-43_630-jvmRun1 surefire-20250813203943831_1tmp surefire_0-20250813203943831_2tmp"/>
    <property name="jdk.debug" value="release"/>
    <property name="surefire.test.class.path" value="C:\Users\danza\Downloads\prog2-inlupp\prog2-inlupp\backend\target\test-classes;C:\Users\danza\Downloads\prog2-inlupp\prog2-inlupp\backend\target\classes;C:\Users\danza\.m2\repository\org\junit\jupiter\junit-jupiter-engine\5.11.0\junit-jupiter-engine-5.11.0.jar;C:\Users\danza\.m2\repository\org\junit\platform\junit-platform-engine\1.11.0\junit-platform-engine-1.11.0.jar;C:\Users\danza\.m2\repository\org\apiguardian\apiguardian-api\1.1.2\apiguardian-api-1.1.2.jar;C:\Users\danza\.m2\repository\org\junit\jupiter\junit-jupiter-api\5.11.0\junit-jupiter-api-5.11.0.jar;C:\Users\danza\.m2\repository\org\opentest4j\opentest4j\1.3.0\opentest4j-1.3.0.jar;C:\Users\danza\.m2\repository\org\junit\platform\junit-platform-commons\1.11.0\junit-platform-commons-1.11.0.jar;C:\Users\danza\.m2\repository\org\junit\jupiter\junit-jupiter-params\5.11.0\junit-jupiter-params-5.11.0.jar;"/>
    <property name="sun.cpu.endian" value="little"/>
    <property name="user.home" value="C:\Users\danza"/>
    <property name="user.language" value="sv"/>
    <property name="java.specification.vendor" value="Oracle Corporation"/>
    <property name="java.version.date" value="2025-07-15"/>
    <property name="java.home" value="C:\INTSEC\jdk-24.0.2"/>
    <property name="file.separator" value="\"/>
    <property name="basedir" value="C:\Users\danza\Downloads\prog2-inlupp\prog2-inlupp\backend"/>
    <property name="java.vm.compressedOopsMode" value="32-bit"/>
    <property name="line.separator" value="&#10;"/>
    <property name="java.vm.specification.vendor" value="Oracle Corporation"/>
    <property name="java.specification.name" value="Java Platform API Specification"/>
    <property name="surefire.real.class.path" value="C:\Users\danza\AppData\Local\Temp\surefire3424583134933717094\surefirebooter-20250813203943831_3.jar"/>
    <property name="user.script" value=""/>
    <property name="sun.management.compiler" value="HotSpot 64-Bit Tiered Compilers"/>
    <property name="java.runtime.version" value="24.0.2+12-54"/>
    <property name="user.name" value="danza"/>
    <property name="stdout.encoding" value="Cp1252"/>
    <property name="path.separator" value=";"/>
    <property name="os.version" value="10.0"/>
    <property name="java.runtime.name" value="OpenJDK Runtime Environment"/>
    <property name="file.encoding" value="UTF-8"/>
    <property name="java.vm.name" value="OpenJDK 64-Bit Server VM"/>
    <property name="localRepository" value="C:\Users\danza\.m2\repository"/>
    <property name="java.vendor.url.bug" value="https://bugreport.java.com/bugreport/"/>
    <property name="java.io.tmpdir" value="C:\Users\danza\AppData\Local\Temp\"/>
    <property name="idea.version" value="2023.1"/>
    <property name="java.version" value="24.0.2"/>
    <property name="user.dir" value="C:\Users\danza\Downloads\prog2-inlupp\prog2-inlupp\backend"/>
    <property name="os.arch" value="amd64"/>
    <property name="java.vm.specification.name" value="Java Virtual Machine Specification"/>
    <property name="sun.os.patch.level" value=""/>
    <property name="native.encoding" value="Cp1252"/>
    <property name="java.library.path" value="C:\INTSEC\jdk-24.0.2\bin;C:\WINDOWS\Sun\Java\bin;C:\WINDOWS\system32;C:\WINDOWS;C:\Program Files\Common Files\Oracle\Java\javapath;C:\Program Files (x86)\Common Files\Oracle\Java\java8path;C:\Program Files (x86)\Common Files\Oracle\Java\javapath;C:\Windows\system32;C:\Windows;C:\Windows\System32\Wbem;C:\Windows\System32\WindowsPowerShell\v1.0\;C:\Windows\System32\OpenSSH\;C:\Program Files (x86)\NVIDIA Corporation\PhysX\Common;C:\WINDOWS\system32;C:\WINDOWS;C:\WINDOWS\System32\Wbem;C:\WINDOWS\System32\WindowsPowerShell\v1.0\;C:\WINDOWS\System32\OpenSSH\;C:\Program Files\dotnet\;C:\Program Files\Git\cmd;C:\Program Files (x86)\Gpg4win\..\GnuPG\bin;C:\Program Files\nodejs\;C:\Program Files\PuTTY\;C:\INTSEC\jdk-24.0.2\bin;C:\INTSEC\apache-maven-3.9.11\bin;C:\Users\danza\AppData\Local\Programs\Python\Python310\Scripts\;C:\Users\danza\AppData\Local\Programs\Python\Python310\;C:\Users\danza\AppData\Local\Microsoft\WindowsApps;C:\Users\danza\AppData\Local\GitHubDesktop\bin;C:\Users\danza\.dotnet\tools;C:\Users\danza\AppData\Local\Programs\Microsoft VS Code\bin;C:\Users\danza\AppData\Roaming\npm;C:\INTSEC\apache-maven-3.9.11;;."/>
    <property name="java.vm.info" value="mixed mode, sharing"/>
    <property name="stderr.encoding" value="Cp1252"/>
    <property name="java.vendor" value="Oracle Corporation"/>
    <property name="java.vm.version" value="24.0.2+12-54"/>
    <property name="sun.io.unicode.encoding" value="UnicodeLittle"/>
    <property name="java.class.version" value="68.0"/>
  </properties>
  <testcase name="__version" classname="se.su.inlupp.GraphTest" time="0.07">
    <system-out><![CDATA[Test version 2.4 (2025-03-21)
]]></system-out>
  </testcase>
  <testcase name="test00_genericGraphAcceptsDifferentNodeTypes" classname="se.su.inlupp.GraphTest" time="0.008"/>
  <testcase name="test00_newGraphIsEmptyGraph" classname="se.su.inlupp.GraphTest" time="0.008"/>
  <testcase name="test01_add(String)[1]" classname="se.su.inlupp.GraphTest" time="0.01"/>
  <testcase name="test01_add(String)[2]" classname="se.su.inlupp.GraphTest" time="0.001"/>
  <testcase name="test01_add(String)[3]" classname="se.su.inlupp.GraphTest" time="0.002"/>
  <testcase name="test04_remove_existing_node_with_edge" classname="se.su.inlupp.GraphTest" time="0.027"/>
  <testcase name="test04_remove_nonexisting_node" classname="se.su.inlupp.GraphTest" time="0.002"/>
  <testcase name="test05_getNodes" classname="se.su.inlupp.GraphTest" time="0.003"/>
  <testcase name="test06_connect_existing_nodes_with_edge" classname="se.su.inlupp.GraphTest" time="0.004"/>
  <testcase name="test06_connect_existing_nodes_without_edge" classname="se.su.inlupp.GraphTest" time="0.002"/>
  <testcase name="test06_connect_negative_weight" classname="se.su.inlupp.GraphTest" time="0.002"/>
  <testcase name="test06_connect_non_existing_nodes" classname="se.su.inlupp.GraphTest" time="0.002"/>
  <testcase name="test07_disconnect" classname="se.su.inlupp.GraphTest" time="0.001"/>
  <testcase name="test07_disconnect_missing_node" classname="se.su.inlupp.GraphTest" time="0.001"/>
  <testcase name="test07_disconnect_no_connection" classname="se.su.inlupp.GraphTest" time="0.002"/>
  <testcase name="test08_getEdgeBetween_existing_edge" classname="se.su.inlupp.GraphTest" time="0.0"/>
  <testcase name="test08_getEdgeBetween_missing_node" classname="se.su.inlupp.GraphTest" time="0.001"/>
  <testcase name="test08_getEdgeBetween_nonexisting_edge" classname="se.su.inlupp.GraphTest" time="0.002"/>
  <testcase name="test09_getEdgesFrom_existing_node_with_edges" classname="se.su.inlupp.GraphTest" time="0.004"/>
  <testcase name="test09_getEdgesFrom_existing_node_without_edges" classname="se.su.inlupp.GraphTest" time="0.001"/>
  <testcase name="test09_getEdgesFrom_non_existing_node" classname="se.su.inlupp.GraphTest" time="0.003"/>
  <testcase name="test10_pathExists_existing_nodes_with_valid_path" classname="se.su.inlupp.GraphTest" time="0.001"/>
  <testcase name="test10_pathExists_existing_nodes_without_valid_path" classname="se.su.inlupp.GraphTest" time="0.001"/>
  <testcase name="test10_pathExists_non_existing_nodes" classname="se.su.inlupp.GraphTest" time="0.003"/>
  <testcase name="test11_getPath_existing_path" classname="se.su.inlupp.GraphTest" time="0.005"/>
  <testcase name="test11_getPath_non_existing_path" classname="se.su.inlupp.GraphTest" time="0.001"/>
  <testcase name="test12_setConnectionWeight_invalid_weight" classname="se.su.inlupp.GraphTest" time="0.004"/>
  <testcase name="test12_setConnectionWeight_invalid_node" classname="se.su.inlupp.GraphTest" time="0.002"/>
  <testcase name="test12_setConnectionWeight_valid_edge" classname="se.su.inlupp.GraphTest" time="0.014"/>
  <testcase name="test13_edgeToString_valid_edge" classname="se.su.inlupp.GraphTest" time="0.01"/>
  <testcase name="test14_graphToString" classname="se.su.inlupp.GraphTest" time="0.002"/>
  <testcase name="test15_edgeSetWeight" classname="se.su.inlupp.GraphTest" time="0.002"/>
</testsuite>